<?xml version="1.0" encoding="UTF-8"?>
<testng-results skipped="0" failed="1" ignored="0" total="3" passed="2">
  <reporter-output>
  </reporter-output>
  <suite name="Default suite" duration-ms="501978" started-at="2018-05-23T17:21:55Z" finished-at="2018-05-23T17:30:17Z">
    <groups>
      <group name="cucumber">
        <method signature="AbstractTestNGCucumberTests.feature(cucumber.api.testng.CucumberFeatureWrapper)[pri:0, instance:org.trivago.resources.TrivagoAutomationRunner@3ecd23d9]" name="feature" class="cucumber.api.testng.AbstractTestNGCucumberTests"/>
      </group> <!-- cucumber -->
    </groups>
    <test name="Default test" duration-ms="501978" started-at="2018-05-23T17:21:55Z" finished-at="2018-05-23T17:30:17Z">
      <class name="org.trivago.resources.TrivagoAutomationRunner">
        <test-method status="PASS" signature="start()[pri:0, instance:org.trivago.resources.TrivagoAutomationRunner@3ecd23d9]" name="start" is-config="true" duration-ms="11" started-at="2018-05-23T17:21:55Z" finished-at="2018-05-23T17:21:55Z">
          <reporter-output>
          </reporter-output>
        </test-method> <!-- start -->
        <test-method status="PASS" signature="setUpClass()[pri:0, instance:org.trivago.resources.TrivagoAutomationRunner@3ecd23d9]" name="setUpClass" is-config="true" duration-ms="251" started-at="2018-05-23T17:21:55Z" finished-at="2018-05-23T17:21:56Z">
          <reporter-output>
          </reporter-output>
        </test-method> <!-- setUpClass -->
        <test-method status="PASS" signature="beforeMethod()[pri:0, instance:org.trivago.resources.TrivagoAutomationRunner@3ecd23d9]" name="beforeMethod" is-config="true" duration-ms="13472" started-at="2018-05-23T17:21:56Z" finished-at="2018-05-23T17:22:09Z">
          <reporter-output>
          </reporter-output>
        </test-method> <!-- beforeMethod -->
        <test-method status="FAIL" signature="feature(cucumber.api.testng.CucumberFeatureWrapper)[pri:0, instance:org.trivago.resources.TrivagoAutomationRunner@3ecd23d9]" name="feature" duration-ms="23785" started-at="2018-05-23T17:22:09Z" description="Runs Cucumber Feature" data-provider="features" finished-at="2018-05-23T17:22:33Z">
          <params>
            <param index="0">
              <value>
                <![CDATA[Contact Us Page Verification]]>
              </value>
            </param>
          </params>
          <exception class="cucumber.runtime.CucumberException">
            <message>
              <![CDATA[junit.framework.AssertionFailedError: User unable to subscribe the newsletter]]>
            </message>
            <full-stacktrace>
              <![CDATA[cucumber.runtime.CucumberException: junit.framework.AssertionFailedError: User unable to subscribe the newsletter
at cucumber.api.testng.TestNGCucumberRunner.runCucumber(TestNGCucumberRunner.java:69)
at cucumber.api.testng.AbstractTestNGCucumberTests.feature(AbstractTestNGCucumberTests.java:21)
at sun.reflect.NativeMethodAccessorImpl.invoke0(Native Method)
at sun.reflect.NativeMethodAccessorImpl.invoke(NativeMethodAccessorImpl.java:62)
at sun.reflect.DelegatingMethodAccessorImpl.invoke(DelegatingMethodAccessorImpl.java:43)
at java.lang.reflect.Method.invoke(Method.java:498)
at org.testng.internal.MethodInvocationHelper.invokeMethod(MethodInvocationHelper.java:124)
at org.testng.internal.Invoker.invokeMethod(Invoker.java:583)
at org.testng.internal.Invoker.invokeTestMethod(Invoker.java:719)
at org.testng.internal.Invoker.invokeTestMethods(Invoker.java:989)
at org.testng.internal.TestMethodWorker.invokeTestMethods(TestMethodWorker.java:125)
at org.testng.internal.TestMethodWorker.run(TestMethodWorker.java:109)
at org.testng.TestRunner.privateRun(TestRunner.java:648)
at org.testng.TestRunner.run(TestRunner.java:505)
at org.testng.SuiteRunner.runTest(SuiteRunner.java:455)
at org.testng.SuiteRunner.runSequentially(SuiteRunner.java:450)
at org.testng.SuiteRunner.privateRun(SuiteRunner.java:415)
at org.testng.SuiteRunner.run(SuiteRunner.java:364)
at org.testng.SuiteRunnerWorker.runSuite(SuiteRunnerWorker.java:52)
at org.testng.SuiteRunnerWorker.run(SuiteRunnerWorker.java:84)
at org.testng.TestNG.runSuitesSequentially(TestNG.java:1208)
at org.testng.TestNG.runSuitesLocally(TestNG.java:1137)
at org.testng.TestNG.runSuites(TestNG.java:1049)
at org.testng.TestNG.run(TestNG.java:1017)
at org.testng.remote.AbstractRemoteTestNG.run(AbstractRemoteTestNG.java:114)
at org.testng.remote.RemoteTestNG.initAndRun(RemoteTestNG.java:251)
at org.testng.remote.RemoteTestNG.main(RemoteTestNG.java:77)
Caused by: junit.framework.AssertionFailedError: User unable to subscribe the newsletter
at junit.framework.Assert.fail(Assert.java:47)
at junit.framework.Assert.assertTrue(Assert.java:20)
at org.trivago.stepdefs.ContactUs.click_submit_form(ContactUs.java:57)
at ✽.Then User should be able to submit the form successfully(ContactUs.feature:11)
]]>
            </full-stacktrace>
          </exception> <!-- cucumber.runtime.CucumberException -->
          <reporter-output>
          </reporter-output>
        </test-method> <!-- feature -->
        <test-method status="PASS" signature="afterMethod()[pri:0, instance:org.trivago.resources.TrivagoAutomationRunner@3ecd23d9]" name="afterMethod" is-config="true" duration-ms="1436" started-at="2018-05-23T17:22:33Z" finished-at="2018-05-23T17:22:34Z">
          <reporter-output>
          </reporter-output>
        </test-method> <!-- afterMethod -->
        <test-method status="PASS" signature="beforeMethod()[pri:0, instance:org.trivago.resources.TrivagoAutomationRunner@3ecd23d9]" name="beforeMethod" is-config="true" duration-ms="11945" started-at="2018-05-23T17:22:34Z" finished-at="2018-05-23T17:22:46Z">
          <reporter-output>
          </reporter-output>
        </test-method> <!-- beforeMethod -->
        <test-method status="PASS" signature="feature(cucumber.api.testng.CucumberFeatureWrapper)[pri:0, instance:org.trivago.resources.TrivagoAutomationRunner@3ecd23d9]" name="feature" duration-ms="23523" started-at="2018-05-23T17:22:46Z" description="Runs Cucumber Feature" data-provider="features" finished-at="2018-05-23T17:23:10Z">
          <params>
            <param index="0">
              <value>
                <![CDATA[NewsLetter subscription on Homepage]]>
              </value>
            </param>
          </params>
          <reporter-output>
          </reporter-output>
        </test-method> <!-- feature -->
        <test-method status="PASS" signature="afterMethod()[pri:0, instance:org.trivago.resources.TrivagoAutomationRunner@3ecd23d9]" name="afterMethod" is-config="true" duration-ms="1519" started-at="2018-05-23T17:23:10Z" finished-at="2018-05-23T17:23:11Z">
          <reporter-output>
          </reporter-output>
        </test-method> <!-- afterMethod -->
        <test-method status="PASS" signature="beforeMethod()[pri:0, instance:org.trivago.resources.TrivagoAutomationRunner@3ecd23d9]" name="beforeMethod" is-config="true" duration-ms="11672" started-at="2018-05-23T17:23:11Z" finished-at="2018-05-23T17:23:23Z">
          <reporter-output>
          </reporter-output>
        </test-method> <!-- beforeMethod -->
        <test-method status="PASS" signature="feature(cucumber.api.testng.CucumberFeatureWrapper)[pri:0, instance:org.trivago.resources.TrivagoAutomationRunner@3ecd23d9]" name="feature" duration-ms="411543" started-at="2018-05-23T17:23:23Z" description="Runs Cucumber Feature" data-provider="features" finished-at="2018-05-23T17:30:15Z">
          <params>
            <param index="0">
              <value>
                <![CDATA[Search a destination on Homepage]]>
              </value>
            </param>
          </params>
          <reporter-output>
          </reporter-output>
        </test-method> <!-- feature -->
        <test-method status="PASS" signature="afterMethod()[pri:0, instance:org.trivago.resources.TrivagoAutomationRunner@3ecd23d9]" name="afterMethod" is-config="true" duration-ms="2185" started-at="2018-05-23T17:30:15Z" finished-at="2018-05-23T17:30:17Z">
          <reporter-output>
          </reporter-output>
        </test-method> <!-- afterMethod -->
        <test-method status="PASS" signature="tearDownClass()[pri:0, instance:org.trivago.resources.TrivagoAutomationRunner@3ecd23d9]" name="tearDownClass" is-config="true" duration-ms="531" started-at="2018-05-23T17:30:17Z" finished-at="2018-05-23T17:30:17Z">
          <reporter-output>
          </reporter-output>
        </test-method> <!-- tearDownClass -->
        <test-method status="PASS" signature="setup()[pri:0, instance:org.trivago.resources.TrivagoAutomationRunner@3ecd23d9]" name="setup" is-config="true" duration-ms="94" started-at="2018-05-23T17:30:17Z" finished-at="2018-05-23T17:30:18Z">
          <reporter-output>
          </reporter-output>
        </test-method> <!-- setup -->
      </class> <!-- org.trivago.resources.TrivagoAutomationRunner -->
    </test> <!-- Default test -->
  </suite> <!-- Default suite -->
</testng-results>
